[2022-02-10 23:49:59.135] [exthost] [info] extension host started
[2022-02-10 23:49:59.187] [exthost] [info] extension host started
[2022-02-10 23:49:59.231] [exthost] [info] ExtensionService#_doActivateExtension HookyQR.beautify {"startup":true,"extensionId":{"value":"HookyQR.beautify","_lower":"hookyqr.beautify"},"activationEvent":"*"}
[2022-02-10 23:49:59.235] [exthost] [info] ExtensionService#loadCommonJSModule file:///c:/Users/qkdiq/eclipse/jee-2020-03/eclipse/configuration/org.eclipse.osgi/363/data/1207231577/plugins/pack.core.win_3.6.0.202007171759/HookyQR.beautify-1.4.11/extension
[2022-02-10 23:49:59.331] [exthost] [info] ExtensionService#_doActivateExtension christian-kohler.path-intellisense {"startup":true,"extensionId":{"value":"christian-kohler.path-intellisense","_lower":"christian-kohler.path-intellisense"},"activationEvent":"*"}
[2022-02-10 23:49:59.331] [exthost] [info] ExtensionService#loadCommonJSModule file:///c:/Users/qkdiq/eclipse/jee-2020-03/eclipse/configuration/org.eclipse.osgi/363/data/1207231577/plugins/pack.core.win_3.6.0.202007171759/christian-kohler.path-intellisense-1.4.2/out/src/extension
[2022-02-10 23:49:59.344] [exthost] [info] ExtensionService#_doActivateExtension dbaeumer.vscode-eslint {"startup":true,"extensionId":{"value":"dbaeumer.vscode-eslint","_lower":"dbaeumer.vscode-eslint"},"activationEvent":"*"}
[2022-02-10 23:49:59.344] [exthost] [info] ExtensionService#loadCommonJSModule file:///c:/Users/qkdiq/eclipse/jee-2020-03/eclipse/configuration/org.eclipse.osgi/363/data/1207231577/plugins/pack.core.win_3.6.0.202007171759/dbaeumer.vscode-eslint-1.9.0/client/out/extension
[2022-02-10 23:49:59.358] [exthost] [info] ExtensionService#_doActivateExtension vscode.debug-auto-launch {"startup":true,"extensionId":{"value":"vscode.debug-auto-launch","_lower":"vscode.debug-auto-launch"},"activationEvent":"*"}
[2022-02-10 23:49:59.358] [exthost] [info] ExtensionService#loadCommonJSModule file:///c:/Users/qkdiq/eclipse/jee-2020-03/eclipse/configuration/org.eclipse.osgi/363/data/1207231577/plugins/com.genuitec.eclipse.code.engine.app.win32.x86_64_3.6.0.202002212104/engine/resources/app/extensions/debug-auto-launch/dist/extension
[2022-02-10 23:49:59.362] [exthost] [info] ExtensionService#_doActivateExtension vscode.emmet {"startup":true,"extensionId":{"value":"vscode.emmet","_lower":"vscode.emmet"},"activationEvent":"*"}
[2022-02-10 23:49:59.362] [exthost] [info] ExtensionService#loadCommonJSModule file:///c:/Users/qkdiq/eclipse/jee-2020-03/eclipse/configuration/org.eclipse.osgi/363/data/1207231577/plugins/com.genuitec.eclipse.code.engine.app.win32.x86_64_3.6.0.202002212104/engine/resources/app/extensions/emmet/dist/extension
[2022-02-10 23:49:59.384] [exthost] [info] ExtensionService#_doActivateExtension formulahendry.auto-close-tag {"startup":true,"extensionId":{"value":"formulahendry.auto-close-tag","_lower":"formulahendry.auto-close-tag"},"activationEvent":"*"}
[2022-02-10 23:49:59.384] [exthost] [info] ExtensionService#loadCommonJSModule file:///c:/Users/qkdiq/eclipse/jee-2020-03/eclipse/configuration/org.eclipse.osgi/363/data/1207231577/plugins/pack.core.win_3.6.0.202007171759/formulahendry.auto-close-tag-0.5.6/out/src/extension
[2022-02-10 23:49:59.406] [exthost] [info] eager extensions activated
[2022-02-10 23:50:00.098] [exthost] [info] ExtensionService#_doActivateExtension vscode.grunt {"startup":false,"extensionId":{"value":"vscode.grunt","_lower":"vscode.grunt"},"activationEvent":"onCommand:workbench.action.tasks.runTask"}
[2022-02-10 23:50:00.098] [exthost] [info] ExtensionService#loadCommonJSModule file:///c:/Users/qkdiq/eclipse/jee-2020-03/eclipse/configuration/org.eclipse.osgi/363/data/1207231577/plugins/com.genuitec.eclipse.code.engine.app.win32.x86_64_3.6.0.202002212104/engine/resources/app/extensions/grunt/dist/main
[2022-02-10 23:50:00.101] [exthost] [info] ExtensionService#_doActivateExtension vscode.gulp {"startup":false,"extensionId":{"value":"vscode.gulp","_lower":"vscode.gulp"},"activationEvent":"onCommand:workbench.action.tasks.runTask"}
[2022-02-10 23:50:00.101] [exthost] [info] ExtensionService#loadCommonJSModule file:///c:/Users/qkdiq/eclipse/jee-2020-03/eclipse/configuration/org.eclipse.osgi/363/data/1207231577/plugins/com.genuitec.eclipse.code.engine.app.win32.x86_64_3.6.0.202002212104/engine/resources/app/extensions/gulp/dist/main
[2022-02-10 23:50:00.104] [exthost] [info] ExtensionService#_doActivateExtension vscode.jake {"startup":false,"extensionId":{"value":"vscode.jake","_lower":"vscode.jake"},"activationEvent":"onCommand:workbench.action.tasks.runTask"}
[2022-02-10 23:50:00.104] [exthost] [info] ExtensionService#loadCommonJSModule file:///c:/Users/qkdiq/eclipse/jee-2020-03/eclipse/configuration/org.eclipse.osgi/363/data/1207231577/plugins/com.genuitec.eclipse.code.engine.app.win32.x86_64_3.6.0.202002212104/engine/resources/app/extensions/jake/dist/main
[2022-02-10 23:50:00.106] [exthost] [info] ExtensionService#_doActivateExtension vscode.npm {"startup":false,"extensionId":{"value":"vscode.npm","_lower":"vscode.npm"},"activationEvent":"onCommand:workbench.action.tasks.runTask"}
[2022-02-10 23:50:00.107] [exthost] [info] ExtensionService#loadCommonJSModule file:///c:/Users/qkdiq/eclipse/jee-2020-03/eclipse/configuration/org.eclipse.osgi/363/data/1207231577/plugins/com.genuitec.eclipse.code.engine.app.win32.x86_64_3.6.0.202002212104/engine/resources/app/extensions/npm/dist/main
[2022-02-10 23:50:00.116] [exthost] [info] ExtensionService#_doActivateExtension vscode.typescript-language-features {"startup":false,"extensionId":{"value":"vscode.typescript-language-features","_lower":"vscode.typescript-language-features"},"activationEvent":"onCommand:workbench.action.tasks.runTask"}
[2022-02-10 23:50:00.116] [exthost] [info] ExtensionService#loadCommonJSModule file:///c:/Users/qkdiq/eclipse/jee-2020-03/eclipse/configuration/org.eclipse.osgi/363/data/1207231577/plugins/com.genuitec.eclipse.code.engine.app.win32.x86_64_3.6.0.202002212104/engine/resources/app/extensions/typescript-language-features/dist/extension
